  main.cpp
D:\Users\carro\Desktop\Proyectos_DIMRV\SDL_Prácticas\Modelos\Modelos\Modelos\main.cpp(79,44): warning C4305: 'inicializando': truncamiento de 'double' a 'GLfloat'
D:\Users\carro\Desktop\Proyectos_DIMRV\SDL_Prácticas\Modelos\Modelos\Modelos\main.cpp(80,44): warning C4305: 'inicializando': truncamiento de 'double' a 'GLfloat'
D:\Users\carro\Desktop\Proyectos_DIMRV\SDL_Prácticas\Modelos\Modelos\Modelos\main.cpp(81,46): warning C4305: 'inicializando': truncamiento de 'double' a 'GLfloat'
D:\Users\carro\Desktop\Proyectos_DIMRV\SDL_Prácticas\Modelos\Modelos\Modelos\main.cpp(82,26): warning C4305: 'inicializando': truncamiento de 'double' a 'GLfloat'
D:\Users\carro\Desktop\Proyectos_DIMRV\SDL_Prácticas\Modelos\Modelos\Modelos\main.cpp(84,47): warning C4305: 'inicializando': truncamiento de 'double' a 'GLfloat'
D:\Users\carro\Desktop\Proyectos_DIMRV\SDL_Prácticas\Modelos\Modelos\Modelos\main.cpp(85,45): warning C4305: 'inicializando': truncamiento de 'double' a 'GLfloat'
D:\Users\carro\Desktop\Proyectos_DIMRV\SDL_Prácticas\Modelos\Modelos\Modelos\main.cpp(86,49): warning C4305: 'inicializando': truncamiento de 'double' a 'GLfloat'
D:\Users\carro\Desktop\Proyectos_DIMRV\SDL_Prácticas\Modelos\Modelos\Modelos\main.cpp(87,27): warning C4305: 'inicializando': truncamiento de 'double' a 'GLfloat'
D:\Users\carro\Desktop\Proyectos_DIMRV\SDL_Prácticas\Modelos\Modelos\Modelos\main.cpp(286,30): warning C4244: 'argumento': conversión de 'GLdouble' a 'GLfloat'; posible pérdida de datos
D:\Users\carro\Desktop\Proyectos_DIMRV\SDL_Prácticas\Modelos\Modelos\Modelos\main.cpp(286,24): warning C4244: 'argumento': conversión de 'GLdouble' a 'GLfloat'; posible pérdida de datos
D:\Users\carro\Desktop\Proyectos_DIMRV\SDL_Prácticas\Modelos\Modelos\Modelos\main.cpp(286,18): warning C4244: 'argumento': conversión de 'GLdouble' a 'GLfloat'; posible pérdida de datos
D:\Users\carro\Desktop\Proyectos_DIMRV\SDL_Prácticas\Modelos\Modelos\Modelos\main.cpp(287,37): warning C4305: 'argumento': truncamiento de 'double' a 'GLfloat'
D:\Users\carro\Desktop\Proyectos_DIMRV\SDL_Prácticas\Modelos\Modelos\Modelos\main.cpp(330,24): warning C4244: 'argumento': conversión de 'GLfloat' a 'GLint'; posible pérdida de datos
D:\Users\carro\Desktop\Proyectos_DIMRV\SDL_Prácticas\Modelos\Modelos\Modelos\main.cpp(330,18): warning C4244: 'argumento': conversión de 'GLfloat' a 'GLint'; posible pérdida de datos
D:\Users\carro\Desktop\Proyectos_DIMRV\SDL_Prácticas\Modelos\Modelos\Modelos\main.cpp(386,40): warning C4305: '-=': truncamiento de 'double' a 'GLfloat'
D:\Users\carro\Desktop\Proyectos_DIMRV\SDL_Prácticas\Modelos\Modelos\Modelos\main.cpp(388,40): warning C4305: '+=': truncamiento de 'double' a 'GLfloat'
D:\Users\carro\Desktop\Proyectos_DIMRV\SDL_Prácticas\Modelos\Modelos\Modelos\main.cpp(412,61): warning C4305: 'argumento': truncamiento de 'double' a 'float'
D:\Users\carro\Desktop\Proyectos_DIMRV\SDL_Prácticas\Modelos\Modelos\Modelos\main.cpp(417,58): warning C4305: 'argumento': truncamiento de 'double' a 'float'
D:\Users\carro\Desktop\Proyectos_DIMRV\SDL_Prácticas\Modelos\Modelos\Modelos\main.cpp(423,60): warning C4305: 'argumento': truncamiento de 'double' a 'float'
D:\Users\carro\Desktop\Proyectos_DIMRV\SDL_Prácticas\Modelos\Modelos\Modelos\main.cpp(425,56): warning C4305: 'argumento': truncamiento de 'double' a 'float'
D:\Users\carro\Desktop\Proyectos_DIMRV\SDL_Prácticas\Modelos\Modelos\Modelos\main.cpp(431,63): warning C4305: 'argumento': truncamiento de 'double' a 'float'
D:\Users\carro\Desktop\Proyectos_DIMRV\SDL_Prácticas\Modelos\Modelos\Modelos\main.cpp(433,59): warning C4305: 'argumento': truncamiento de 'double' a 'float'
  Modelos.vcxproj -> D:\Users\carro\Desktop\Proyectos_DIMRV\SDL_Prácticas\Modelos\Modelos\Debug\Modelos.exe
